2024-08-18 18:39:54,948 [INFO] Activator:176 - 


2024-08-18 18:39:54,956 [INFO] Activator:177 - !SESSION log4j initialized
2024-08-18 18:40:02,623 [INFO] LogOutputStream:77 - [STDOUT_REDIRECT] 
2024-08-18 18:40:07,154 [INFO] ApplicationProperties:184 - Using Application install path: C:\ST\STM32CubeIDE_1.14.0\STM32CubeIDE\plugins\com.st.stm32cube.common.mx_6.10.0.202311202037
2024-08-18 18:40:07,185 [INFO] DbMcusXml:78 - Set database path to: C:\ST\STM32CubeIDE_1.14.0\STM32CubeIDE\plugins\com.st.stm32cube.common.mx_6.10.0.202311202037\\db\/mcu/
2024-08-18 18:40:07,185 [INFO] ApiDb:274 - Set plugin database path to: C:\ST\STM32CubeIDE_1.14.0\STM32CubeIDE\plugins\com.st.stm32cube.common.mx_6.10.0.202311202037\\db\/plugins/boardmanager/
2024-08-18 18:40:07,186 [WARN] ApiDb:259 - Overriding images path with different value:  => C:\ST\STM32CubeIDE_1.14.0\STM32CubeIDE\plugins\com.st.stm32cube.common.mx_6.10.0.202311202037\\db\/plugins/mcufinder/images/
2024-08-18 18:40:07,203 [INFO] ApiDb:250 - Set database path to: C:\Users\adith\.stmcufinder\plugins\mcufinder//mcu/
2024-08-18 18:40:07,205 [INFO] DbMcusAds:125 - Set database path to: C:\Users\adith\.stmcufinder\plugins\mcufinder//mcu/
2024-08-18 18:40:07,209 [INFO] CrossReferenceDbSqlite:203 - Set database path to: C:\Users\adith\.stmcufinder\plugins\mcufinder//mcu/cs/
2024-08-18 18:40:07,395 [INFO] RulesReader:64 - Compatibility file has been processed (297 Rules)
2024-08-18 18:40:07,500 [INFO] DbMcusXml:78 - Set database path to: C:\ST\STM32CubeIDE_1.14.0\STM32CubeIDE\plugins\com.st.stm32cube.common.mx_6.10.0.202311202037\\db\/mcu/
2024-08-18 18:40:07,500 [INFO] ApiDb:274 - Set plugin database path to: C:\ST\STM32CubeIDE_1.14.0\STM32CubeIDE\plugins\com.st.stm32cube.common.mx_6.10.0.202311202037\\db\/plugins/boardmanager/
2024-08-18 18:40:07,500 [INFO] ApiDb:261 - Set plugin images path to: C:\ST\STM32CubeIDE_1.14.0\STM32CubeIDE\plugins\com.st.stm32cube.common.mx_6.10.0.202311202037\\db\/plugins/mcufinder/images/
2024-08-18 18:40:07,500 [WARN] DbFile:41 - Overriding database path with different value: C:\Users\adith\.stmcufinder\plugins\mcufinder/ => C:\Users\adith\.stmcufinder\plugins\mcufinder
2024-08-18 18:40:07,501 [INFO] ApiDb:250 - Set database path to: C:\Users\adith\.stmcufinder\plugins\mcufinder//mcu/
2024-08-18 18:40:07,501 [WARN] DbFile:41 - Overriding database path with different value: C:\Users\adith\.stmcufinder\plugins\mcufinder/ => C:\Users\adith\.stmcufinder\plugins\mcufinder
2024-08-18 18:40:07,501 [INFO] DbMcusAds:125 - Set database path to: C:\Users\adith\.stmcufinder\plugins\mcufinder//mcu/
2024-08-18 18:40:07,501 [WARN] DbFile:41 - Overriding database path with different value: C:\Users\adith\.stmcufinder\plugins\mcufinder/ => C:\Users\adith\.stmcufinder\plugins\mcufinder
2024-08-18 18:40:07,501 [WARN] DbFile:41 - Overriding database path with different value: C:\Users\adith\.stmcufinder\plugins\mcufinder/ => C:\Users\adith\.stmcufinder\plugins\mcufinder
2024-08-18 18:40:07,501 [INFO] CrossReferenceDbSqlite:203 - Set database path to: C:\Users\adith\.stmcufinder\plugins\mcufinder//mcu/cs/
2024-08-18 18:40:07,603 [INFO] MainPanel:264 - HeapMemory: 268435456
2024-08-18 18:40:07,761 [INFO] DbMcusXml:78 - Set database path to: C:\ST\STM32CubeIDE_1.14.0\STM32CubeIDE\plugins\com.st.stm32cube.common.mx_6.10.0.202311202037\\db\/mcu/
2024-08-18 18:40:07,761 [INFO] ApiDb:274 - Set plugin database path to: C:\ST\STM32CubeIDE_1.14.0\STM32CubeIDE\plugins\com.st.stm32cube.common.mx_6.10.0.202311202037\\db\/plugins/boardmanager/
2024-08-18 18:40:07,761 [INFO] ApiDb:261 - Set plugin images path to: C:\ST\STM32CubeIDE_1.14.0\STM32CubeIDE\plugins\com.st.stm32cube.common.mx_6.10.0.202311202037\\db\/plugins/mcufinder/images/
2024-08-18 18:40:07,762 [WARN] DbFile:41 - Overriding database path with different value: C:\Users\adith\.stmcufinder\plugins\mcufinder/ => C:\Users\adith\.stmcufinder\plugins\mcufinder
2024-08-18 18:40:07,762 [INFO] ApiDb:250 - Set database path to: C:\Users\adith\.stmcufinder\plugins\mcufinder//mcu/
2024-08-18 18:40:07,763 [WARN] DbFile:41 - Overriding database path with different value: C:\Users\adith\.stmcufinder\plugins\mcufinder/ => C:\Users\adith\.stmcufinder\plugins\mcufinder
2024-08-18 18:40:07,763 [INFO] DbMcusAds:125 - Set database path to: C:\Users\adith\.stmcufinder\plugins\mcufinder//mcu/
2024-08-18 18:40:07,763 [WARN] DbFile:41 - Overriding database path with different value: C:\Users\adith\.stmcufinder\plugins\mcufinder/ => C:\Users\adith\.stmcufinder\plugins\mcufinder
2024-08-18 18:40:07,763 [WARN] DbFile:41 - Overriding database path with different value: C:\Users\adith\.stmcufinder\plugins\mcufinder/ => C:\Users\adith\.stmcufinder\plugins\mcufinder
2024-08-18 18:40:07,764 [INFO] CrossReferenceDbSqlite:203 - Set database path to: C:\Users\adith\.stmcufinder\plugins\mcufinder//mcu/cs/
2024-08-18 18:40:07,801 [INFO] ApplicationProperties:184 - Using Application install path: C:\ST\STM32CubeIDE_1.14.0\STM32CubeIDE\plugins\com.st.stm32cube.common.mx_6.10.0.202311202037
2024-08-18 18:40:07,804 [INFO] PluginManage:196 - Search for loadable plugins [exclusion list=, ]
2024-08-18 18:40:07,806 [INFO] PluginManage:310 - Check plugin analytics
2024-08-18 18:40:08,082 [INFO] AnalyticsPlugin:253 - Accepted Software Licenses: 
2024-08-18 18:40:08,083 [INFO] AnalyticsPlugin:255 - Accepted CMSIS Pack Licenses: 
2024-08-18 18:40:08,083 [INFO] AnalyticsPlugin:257 - Accepted Firmware Licenses: FW.F4.1.28.0,FW.G4.1.5.0
2024-08-18 18:40:08,086 [INFO] PluginManage:359 - Loaded plugin analytics (category:tool,tabindex:-1)
2024-08-18 18:40:08,087 [INFO] PluginManage:310 - Check plugin cadmodel
2024-08-18 18:40:08,106 [INFO] CADModel:105 - Init CAD model plugin
2024-08-18 18:40:08,106 [INFO] PluginManage:359 - Loaded plugin cadmodel (category:power,tabindex:5)
2024-08-18 18:40:08,107 [INFO] PluginManage:310 - Check plugin clock
2024-08-18 18:40:08,136 [INFO] PluginManage:359 - Loaded plugin clock (category:base,tabindex:2)
2024-08-18 18:40:08,137 [INFO] PluginManage:310 - Check plugin ddr
2024-08-18 18:40:08,140 [INFO] PluginManage:359 - Loaded plugin ddr (category:tool,tabindex:6)
2024-08-18 18:40:08,140 [INFO] PluginManage:310 - Check plugin filemanager
2024-08-18 18:40:08,360 [INFO] PluginManage:359 - Loaded plugin filemanager (category:base,tabindex:10)
2024-08-18 18:40:08,361 [INFO] PluginManage:310 - Check plugin ipmanager
2024-08-18 18:40:08,372 [INFO] PluginManage:359 - Loaded plugin ipmanager (category:base,tabindex:5)
2024-08-18 18:40:08,372 [INFO] PluginManage:310 - Check plugin lpbam
2024-08-18 18:40:08,399 [INFO] PluginManage:359 - Loaded plugin lpbam (category:base,tabindex:0)
2024-08-18 18:40:08,399 [INFO] PluginManage:310 - Check plugin memorymap
2024-08-18 18:40:08,432 [INFO] PluginManage:359 - Loaded plugin memorymap (category:base,tabindex:4)
2024-08-18 18:40:08,433 [INFO] PluginManage:310 - Check plugin pinoutandconfiguration
2024-08-18 18:40:08,456 [INFO] PluginManage:359 - Loaded plugin pinoutandconfiguration (category:base,tabindex:1)
2024-08-18 18:40:08,456 [INFO] PluginManage:310 - Check plugin pinoutconfig
2024-08-18 18:40:08,596 [WARN] SupportedApi:132 - Cannot load RTOS API schema: s4s-elt-must-match.1: The content of 'definitions' must match (annotation?, (simpleType | complexType)?, (unique | key | keyref)*)). A problem was found starting at: attribute.
2024-08-18 18:40:08,818 [INFO] PluginManage:359 - Loaded plugin pinoutconfig (category:base,tabindex:0)
2024-08-18 18:40:08,818 [INFO] PluginManage:310 - Check plugin power
2024-08-18 18:40:08,863 [INFO] PluginManage:359 - Loaded plugin power (category:power,tabindex:4)
2024-08-18 18:40:08,864 [INFO] PluginManage:310 - Check plugin projectmanager
2024-08-18 18:40:08,888 [INFO] PluginManage:359 - Loaded plugin projectmanager (category:projectmanager,tabindex:3)
2024-08-18 18:40:08,888 [INFO] PluginManage:310 - Check plugin thirdparty
2024-08-18 18:40:09,299 [INFO] PluginManage:359 - Loaded plugin thirdparty (category:base,tabindex:-1)
2024-08-18 18:40:09,299 [INFO] PluginManage:310 - Check plugin tools
2024-08-18 18:40:09,299 [WARN] IntegrityCheckThread:84 - waiting for thirdparty lock release [integrity check]
2024-08-18 18:40:09,299 [INFO] IntegrityCheckThread:86 - entering critical section [integrity check]
2024-08-18 18:40:09,300 [INFO] ThirdPartyUpdaterWithRetryManager:70 - Updater plugin not ready yet. [1/15]
2024-08-18 18:40:09,358 [INFO] PluginManage:359 - Loaded plugin tools (category:base,tabindex:7)
2024-08-18 18:40:09,359 [INFO] PluginManage:310 - Check plugin tutovideos
2024-08-18 18:40:09,952 [INFO] PluginManage:359 - Loaded plugin tutovideos (category:base,tabindex:-1)
2024-08-18 18:40:09,952 [INFO] PluginManage:310 - Check plugin updater
2024-08-18 18:40:09,979 [INFO] PluginManage:359 - Loaded plugin updater (category:base,tabindex:12)
2024-08-18 18:40:09,979 [INFO] PluginManage:310 - Check plugin userauth
2024-08-18 18:40:09,991 [INFO] UserAuth:114 - Init User Auth plugin
2024-08-18 18:40:09,991 [INFO] PluginManage:359 - Loaded plugin userauth (category:base,tabindex:14)
2024-08-18 18:40:09,992 [INFO] PluginManage:283 - PluginManage : Loaded plugins [17]
2024-08-18 18:40:10,447 [INFO] PinOutPanel:1499 - setPackage(No Configuration,No Configuration)
2024-08-18 18:40:10,587 [INFO] CADModel:165 - CPN selected for project level
2024-08-18 18:40:10,588 [INFO] CADModel:114 - Register for checkConnection events
2024-08-18 18:40:10,632 [INFO] IPUIPlugin:80 - create IPUIPlugin
2024-08-18 18:40:10,633 [INFO] PluginManager:220 - loadIPPluginJar : add adc
2024-08-18 18:40:10,707 [INFO] IPUIPlugin:80 - create IPUIPlugin
2024-08-18 18:40:10,708 [INFO] PluginManager:220 - loadIPPluginJar : add aes
2024-08-18 18:40:10,808 [INFO] IPUIPlugin:80 - create IPUIPlugin
2024-08-18 18:40:10,808 [INFO] PluginManager:220 - loadIPPluginJar : add can
2024-08-18 18:40:10,873 [INFO] IPUIPlugin:80 - create IPUIPlugin
2024-08-18 18:40:10,873 [INFO] PluginManager:220 - loadIPPluginJar : add comp
2024-08-18 18:40:10,976 [INFO] IPUIPlugin:80 - create IPUIPlugin
2024-08-18 18:40:10,976 [INFO] PluginManager:220 - loadIPPluginJar : add cryp
2024-08-18 18:40:11,027 [INFO] IPUIPlugin:80 - create IPUIPlugin
2024-08-18 18:40:11,027 [INFO] PluginManager:220 - loadIPPluginJar : add dfsdm
2024-08-18 18:40:11,048 [INFO] IPUIPlugin:80 - create IPUIPlugin
2024-08-18 18:40:11,048 [INFO] PluginManager:220 - loadIPPluginJar : add dma
2024-08-18 18:40:11,192 [INFO] IPUIPlugin:80 - create IPUIPlugin
2024-08-18 18:40:11,192 [INFO] PluginManager:220 - loadIPPluginJar : add dma3
2024-08-18 18:40:11,250 [INFO] IPUIPlugin:80 - create IPUIPlugin
2024-08-18 18:40:11,250 [INFO] PluginManager:220 - loadIPPluginJar : add fatfs
2024-08-18 18:40:11,370 [INFO] IPUIPlugin:80 - create IPUIPlugin
2024-08-18 18:40:11,371 [INFO] PluginManager:220 - loadIPPluginJar : add fmc
2024-08-18 18:40:11,390 [INFO] IPUIPlugin:80 - create IPUIPlugin
2024-08-18 18:40:11,391 [INFO] PluginManager:220 - loadIPPluginJar : add freertos
2024-08-18 18:40:11,425 [INFO] IPUIPlugin:80 - create IPUIPlugin
2024-08-18 18:40:11,425 [INFO] PluginManager:220 - loadIPPluginJar : add genericplugin
2024-08-18 18:40:11,585 [INFO] IPUIPlugin:80 - create IPUIPlugin
2024-08-18 18:40:11,586 [INFO] PluginManager:220 - loadIPPluginJar : add gfxmmu
2024-08-18 18:40:11,808 [INFO] IPUIPlugin:80 - create IPUIPlugin
2024-08-18 18:40:11,809 [INFO] PluginManager:220 - loadIPPluginJar : add gic
2024-08-18 18:40:11,825 [INFO] IPUIPlugin:80 - create IPUIPlugin
2024-08-18 18:40:11,825 [INFO] PluginManager:220 - loadIPPluginJar : add gpio
2024-08-18 18:40:12,044 [INFO] IPUIPlugin:80 - create IPUIPlugin
2024-08-18 18:40:12,044 [INFO] PluginManager:220 - loadIPPluginJar : add gtzc
2024-08-18 18:40:12,121 [INFO] IPUIPlugin:80 - create IPUIPlugin
2024-08-18 18:40:12,121 [INFO] PluginManager:220 - loadIPPluginJar : add hash
2024-08-18 18:40:12,259 [INFO] IPUIPlugin:80 - create IPUIPlugin
2024-08-18 18:40:12,259 [INFO] PluginManager:220 - loadIPPluginJar : add i2c
2024-08-18 18:40:12,302 [INFO] ThirdPartyUpdaterWithRetryManager:70 - Updater plugin not ready yet. [2/15]
2024-08-18 18:40:12,369 [INFO] IPUIPlugin:80 - create IPUIPlugin
2024-08-18 18:40:12,370 [INFO] PluginManager:220 - loadIPPluginJar : add i2s
2024-08-18 18:40:12,478 [INFO] IPUIPlugin:80 - create IPUIPlugin
2024-08-18 18:40:12,478 [INFO] PluginManager:220 - loadIPPluginJar : add i3c
2024-08-18 18:40:12,694 [INFO] IPUIPlugin:80 - create IPUIPlugin
2024-08-18 18:40:12,694 [INFO] PluginManager:220 - loadIPPluginJar : add ipddr
2024-08-18 18:40:12,887 [INFO] IPUIPlugin:80 - create IPUIPlugin
2024-08-18 18:40:12,887 [INFO] PluginManager:220 - loadIPPluginJar : add linkedlist
2024-08-18 18:40:12,957 [INFO] IPUIPlugin:80 - create IPUIPlugin
2024-08-18 18:40:12,957 [INFO] PluginManager:220 - loadIPPluginJar : add lorawan
2024-08-18 18:40:13,016 [INFO] IPUIPlugin:80 - create IPUIPlugin
2024-08-18 18:40:13,017 [INFO] PluginManager:220 - loadIPPluginJar : add ltdc
2024-08-18 18:40:13,036 [INFO] IPUIPlugin:80 - create IPUIPlugin
2024-08-18 18:40:13,037 [INFO] PluginManager:220 - loadIPPluginJar : add mdma
2024-08-18 18:40:13,058 [INFO] IPUIPlugin:80 - create IPUIPlugin
2024-08-18 18:40:13,058 [INFO] PluginManager:220 - loadIPPluginJar : add nvic
2024-08-18 18:40:13,129 [INFO] IPUIPlugin:80 - create IPUIPlugin
2024-08-18 18:40:13,129 [INFO] PluginManager:220 - loadIPPluginJar : add opamp
2024-08-18 18:40:13,235 [INFO] IPUIPlugin:80 - create IPUIPlugin
2024-08-18 18:40:13,235 [INFO] PluginManager:220 - loadIPPluginJar : add openamp
2024-08-18 18:40:13,326 [INFO] IPUIPlugin:80 - create IPUIPlugin
2024-08-18 18:40:13,326 [INFO] PluginManager:220 - loadIPPluginJar : add pdm2pcm
2024-08-18 18:40:13,358 [INFO] IPUIPlugin:80 - create IPUIPlugin
2024-08-18 18:40:13,362 [INFO] PluginManager:220 - loadIPPluginJar : add plateformsettings
2024-08-18 18:40:13,398 [INFO] IPUIPlugin:80 - create IPUIPlugin
2024-08-18 18:40:13,398 [INFO] PluginManager:220 - loadIPPluginJar : add quadspi
2024-08-18 18:40:13,416 [INFO] IPUIPlugin:80 - create IPUIPlugin
2024-08-18 18:40:13,416 [INFO] PluginManager:220 - loadIPPluginJar : add resmgrutility
2024-08-18 18:40:13,491 [INFO] IPUIPlugin:80 - create IPUIPlugin
2024-08-18 18:40:13,491 [INFO] PluginManager:220 - loadIPPluginJar : add sai
2024-08-18 18:40:13,558 [INFO] IPUIPlugin:80 - create IPUIPlugin
2024-08-18 18:40:13,558 [INFO] PluginManager:220 - loadIPPluginJar : add spi
2024-08-18 18:40:13,682 [INFO] IPUIPlugin:80 - create IPUIPlugin
2024-08-18 18:40:13,682 [INFO] PluginManager:220 - loadIPPluginJar : add stm32_wpan
2024-08-18 18:40:13,726 [INFO] IPUIPlugin:80 - create IPUIPlugin
2024-08-18 18:40:13,726 [INFO] PluginManager:220 - loadIPPluginJar : add tim
2024-08-18 18:40:13,821 [INFO] IPUIPlugin:80 - create IPUIPlugin
2024-08-18 18:40:13,821 [INFO] PluginManager:220 - loadIPPluginJar : add touchsensing
2024-08-18 18:40:13,856 [INFO] IPUIPlugin:80 - create IPUIPlugin
2024-08-18 18:40:13,857 [INFO] PluginManager:220 - loadIPPluginJar : add tracer_emb
2024-08-18 18:40:13,892 [INFO] IPUIPlugin:80 - create IPUIPlugin
2024-08-18 18:40:13,892 [INFO] PluginManager:220 - loadIPPluginJar : add ts
2024-08-18 18:40:13,946 [INFO] IPUIPlugin:80 - create IPUIPlugin
2024-08-18 18:40:13,946 [INFO] PluginManager:220 - loadIPPluginJar : add tsc
2024-08-18 18:40:14,015 [INFO] IPUIPlugin:80 - create IPUIPlugin
2024-08-18 18:40:14,015 [INFO] PluginManager:220 - loadIPPluginJar : add ucpd
2024-08-18 18:40:14,153 [INFO] IPUIPlugin:80 - create IPUIPlugin
2024-08-18 18:40:14,153 [INFO] PluginManager:220 - loadIPPluginJar : add usart
2024-08-18 18:40:14,273 [INFO] IPUIPlugin:80 - create IPUIPlugin
2024-08-18 18:40:14,273 [INFO] PluginManager:220 - loadIPPluginJar : add usbx
2024-08-18 18:40:14,442 [INFO] CADModel:165 - CPN selected for project level
2024-08-18 18:40:14,442 [INFO] CADModel:114 - Register for checkConnection events
2024-08-18 18:40:14,443 [FATAL] Updater:308 - Updater called before beeing initialized
2024-08-18 18:40:14,443 [ERROR] CADModel:125 - Updater not yet initialized, retry later 
2024-08-18 18:40:14,670 [INFO] CADModel:165 - CPN selected for project level
2024-08-18 18:40:14,671 [INFO] CADModel:114 - Register for checkConnection events
2024-08-18 18:40:14,671 [FATAL] Updater:308 - Updater called before beeing initialized
2024-08-18 18:40:14,671 [ERROR] CADModel:125 - Updater not yet initialized, retry later 
2024-08-18 18:40:14,674 [FATAL] Updater:308 - Updater called before beeing initialized
2024-08-18 18:40:14,826 [FATAL] Updater:308 - Updater called before beeing initialized
2024-08-18 18:40:14,841 [INFO] DbMcusAds:53 - JSON generation date=Thu May 16 14:52:00 IST 2024 (1715851320667)
2024-08-18 18:40:14,841 [FATAL] Updater:308 - Updater called before beeing initialized
2024-08-18 18:40:14,954 [WARN] DetailPanel:346 - Failed to get advertising image, set to default
2024-08-18 18:40:15,134 [FATAL] Updater:308 - Updater called before beeing initialized
2024-08-18 18:40:15,137 [FATAL] Updater:308 - Updater called before beeing initialized
2024-08-18 18:40:15,137 [FATAL] Updater:308 - Updater called before beeing initialized
2024-08-18 18:40:15,137 [WARN] DetailPanel:346 - Failed to get advertising image, set to default
2024-08-18 18:40:15,139 [FATAL] Updater:308 - Updater called before beeing initialized
2024-08-18 18:40:15,269 [ERROR] Updater:1120 - MainUpdater not yet initialized. External WinMGr cannot be set.
2024-08-18 18:40:15,287 [INFO] Updater:1056 - Updater Version found : 6.10.0
2024-08-18 18:40:15,303 [INFO] ThirdPartyUpdaterWithRetryManager:70 - Updater plugin not ready yet. [3/15]
2024-08-18 18:40:15,316 [INFO] ApplicationProperties:184 - Using Application install path: C:\ST\STM32CubeIDE_1.14.0\STM32CubeIDE\plugins\com.st.stm32cube.common.mx_6.10.0.202311202037
2024-08-18 18:40:16,936 [ERROR] LogOutputStream:75 - [STDERR_REDIRECT] Aug 18, 2024 6:40:16 PM java.util.prefs.WindowsPreferences <init>
2024-08-18 18:40:16,940 [ERROR] LogOutputStream:75 - [STDERR_REDIRECT] WARNING: Could not open/create prefs root node Software\JavaSoft\Prefs at root 0xffffffff80000002. Windows RegCreateKeyEx(...) returned error code 5.
2024-08-18 18:40:16,941 [ERROR] LogOutputStream:75 - [STDERR_REDIRECT] 
2024-08-18 18:40:17,573 [INFO] MainUpdater:2873 - connection check result : 10
2024-08-18 18:40:17,574 [INFO] MainUpdater:3567 - Updater definition file requires update
2024-08-18 18:40:17,576 [INFO] MainUpdater:290 - Updater Check For Update Now.
2024-08-18 18:40:17,576 [INFO] MicroXplorer:498 - Change Database Version : DB.6.0.100
2024-08-18 18:40:17,617 [INFO] McuFinderGlobals:63 - Set McuFinder mode to 2 (CubeIDE integrated)
2024-08-18 18:40:17,732 [INFO] ServerAccessManage:473 - Download File updaters.zip
2024-08-18 18:40:17,960 [INFO] FileExtend:240 - Unzip File : updaters.zip
2024-08-18 18:40:17,961 [INFO] FileExtend:255 - Standard Zip Deflate
2024-08-18 18:40:17,974 [INFO] UserAuth:404 - Internet connection configuration mode: 1
2024-08-18 18:40:18,187 [INFO] JxBrowserEngine:152 - Initiate JxBrowser Engine with user profile folder
2024-08-18 18:40:18,311 [WARN] MainUpdater:1194 - Updater busy. Cannot search thirdparties
2024-08-18 18:40:18,312 [INFO] ThirdPartyUpdaterWithRetryManager:96 - Updater plugin is busy. [1/15]
2024-08-18 18:40:18,711 [INFO] ServerAccessManage:473 - Download File PacksControlFlags.xml
2024-08-18 18:40:18,943 [INFO] ServerAccessManage:473 - Download File cubemx.pidx
2024-08-18 18:40:19,224 [INFO] LoadServerUpdatesThread:375 - End of LoadServerUpdate Thread
2024-08-18 18:40:19,889 [INFO] CheckServerUpdateThread:120 - End of CheckServer Thread
2024-08-18 18:40:21,724 [WARN] PackLoader:240 - Cannot read IP mode file for STMicroelectronics.FP-SNS-MOTENVWB1.1.4.0
2024-08-18 18:40:21,756 [WARN] PackLoader:240 - Cannot read IP mode file for STMicroelectronics.X-CUBE-SMBUS.2.1.0
2024-08-18 18:40:21,780 [WARN] PackLoader:240 - Cannot read IP mode file for STMicroelectronics.X-CUBE-TOUCHGFX.4.23.0
2024-08-18 18:40:21,799 [WARN] PackLoader:240 - Cannot read IP mode file for STMicroelectronics.X-CUBE-TOUCHGFX.4.23.2
2024-08-18 18:40:21,866 [WARN] PackLoader:240 - Cannot read IP mode file for STMicroelectronics.X-CUBE-AZRTOS-F7.1.1.0
2024-08-18 18:40:21,903 [WARN] PackLoader:240 - Cannot read IP mode file for STMicroelectronics.FP-SNS-MOTENV1.4.3.2
2024-08-18 18:40:21,929 [WARN] PackLoader:240 - Cannot read IP mode file for STMicroelectronics.FP-SNS-FLIGHT1.5.0.2
2024-08-18 18:40:21,957 [WARN] PackLoader:240 - Cannot read IP mode file for STMicroelectronics.X-CUBE-DISPLAY.3.0.0
2024-08-18 18:40:21,993 [WARN] PackLoader:240 - Cannot read IP mode file for STMicroelectronics.X-CUBE-BLE1.7.0.0
2024-08-18 18:40:22,019 [WARN] PackLoader:240 - Cannot read IP mode file for emotas.I-CUBE-CANOPEN.1.3.0
2024-08-18 18:40:22,055 [WARN] PackLoader:240 - Cannot read IP mode file for STMicroelectronics.X-CUBE-BLEMGR.3.1.0
2024-08-18 18:40:22,083 [WARN] PackLoader:240 - Cannot read IP mode file for STMicroelectronics.FP-SNS-SMARTAG2.1.2.0
2024-08-18 18:40:22,119 [INFO] LogOutputStream:77 - [STDOUT_REDIRECT] 1 : Invalid condition id : UX_CORESTACK_Condition cause : null
2024-08-18 18:40:22,119 [INFO] LogOutputStream:77 - [STDOUT_REDIRECT] 1 : Invalid condition id : UX_CORESTACK_Condition cause : null
2024-08-18 18:40:22,122 [INFO] LogOutputStream:77 - [STDOUT_REDIRECT] 1 : Invalid condition id : UX_CORESTACK_Condition cause : null
2024-08-18 18:40:22,124 [INFO] LogOutputStream:77 - [STDOUT_REDIRECT] 1 : Invalid condition id : UX_CORESTACK_Condition cause : null
2024-08-18 18:40:22,125 [INFO] LogOutputStream:77 - [STDOUT_REDIRECT] 1 : Invalid condition id : UX_CORESTACK_Condition cause : null
2024-08-18 18:40:22,131 [WARN] PackLoader:240 - Cannot read IP mode file for STMicroelectronics.X-CUBE-AZRTOS-WL.2.0.0
2024-08-18 18:40:22,152 [WARN] PackLoader:240 - Cannot read IP mode file for STMicroelectronics.FP-SNS-MOTENV1.5.0.0
2024-08-18 18:40:22,176 [WARN] PackLoader:240 - Cannot read IP mode file for wolfSSL.I-CUBE-wolfMQTT.1.19.0
2024-08-18 18:40:22,199 [WARN] PackLoader:240 - Cannot read IP mode file for WES.I-CUBE-Cesium.1.3.0
2024-08-18 18:40:22,221 [WARN] PackLoader:240 - Cannot read IP mode file for STMicroelectronics.X-CUBE-BLE2.3.3.0
2024-08-18 18:40:22,242 [WARN] PackLoader:240 - Cannot read IP mode file for STMicroelectronics.X-CUBE-TCPP.4.1.0
2024-08-18 18:40:22,261 [WARN] PackLoader:240 - Cannot read IP mode file for STMicroelectronics.X-CUBE-ALGOBUILD.1.3.0
2024-08-18 18:40:22,309 [WARN] PackLoader:240 - Cannot read IP mode file for STMicroelectronics.X-CUBE-AZRTOS-G0.1.1.0
2024-08-18 18:40:22,337 [WARN] PackLoader:240 - Cannot read IP mode file for STMicroelectronics.X-CUBE-SAFEA1.1.2.2
2024-08-18 18:40:22,362 [WARN] PackLoader:240 - Cannot read IP mode file for STMicroelectronics.X-CUBE-NFC4.3.0.0
2024-08-18 18:40:22,384 [WARN] PackLoader:240 - Cannot read IP mode file for wolfSSL.I-CUBE-wolfMQTT.1.18.0
2024-08-18 18:40:22,416 [WARN] PackLoader:240 - Cannot read IP mode file for EmbeddedOffice.I-CUBE-FS-RTOS.1.0.1
2024-08-18 18:40:22,416 [ERROR] ConditionMgr:805 - Attr not supported : Dmpu
2024-08-18 18:40:22,416 [ERROR] ConditionMgr:805 - Attr not supported : Dmpu
2024-08-18 18:40:22,417 [ERROR] ConditionMgr:805 - Attr not supported : Dmpu
2024-08-18 18:40:22,417 [ERROR] ConditionMgr:805 - Attr not supported : Dmpu
2024-08-18 18:40:22,417 [ERROR] ConditionMgr:805 - Attr not supported : Dmpu
2024-08-18 18:40:22,417 [ERROR] ConditionMgr:805 - Attr not supported : Dmpu
2024-08-18 18:40:22,417 [ERROR] ConditionMgr:805 - Attr not supported : Dmpu
2024-08-18 18:40:22,417 [ERROR] ConditionMgr:805 - Attr not supported : Dmpu
2024-08-18 18:40:22,417 [ERROR] ConditionMgr:805 - Attr not supported : Dmpu
2024-08-18 18:40:22,417 [ERROR] ConditionMgr:805 - Attr not supported : Dmpu
2024-08-18 18:40:22,418 [ERROR] ConditionMgr:805 - Attr not supported : Dmpu
2024-08-18 18:40:22,418 [ERROR] ConditionMgr:805 - Attr not supported : Dmpu
2024-08-18 18:40:22,418 [ERROR] ConditionMgr:805 - Attr not supported : Dmpu
2024-08-18 18:40:22,418 [ERROR] ConditionMgr:805 - Attr not supported : Dmpu
2024-08-18 18:40:22,418 [ERROR] ConditionMgr:805 - Attr not supported : Dmpu
2024-08-18 18:40:22,418 [ERROR] ConditionMgr:805 - Attr not supported : Dmpu
2024-08-18 18:40:22,418 [ERROR] ConditionMgr:805 - Attr not supported : Dmpu
2024-08-18 18:40:22,419 [ERROR] ConditionMgr:805 - Attr not supported : Dmpu
2024-08-18 18:40:22,419 [ERROR] ConditionMgr:805 - Attr not supported : Dmpu
2024-08-18 18:40:22,419 [ERROR] ConditionMgr:805 - Attr not supported : Dmpu
2024-08-18 18:40:22,419 [ERROR] ConditionMgr:805 - Attr not supported : Dmpu
2024-08-18 18:40:22,419 [ERROR] ConditionMgr:805 - Attr not supported : Dmpu
2024-08-18 18:40:22,419 [ERROR] ConditionMgr:805 - Attr not supported : Dmpu
2024-08-18 18:40:22,419 [ERROR] ConditionMgr:805 - Attr not supported : Dmpu
2024-08-18 18:40:22,420 [ERROR] ConditionMgr:805 - Attr not supported : Dmpu
2024-08-18 18:40:22,420 [ERROR] ConditionMgr:805 - Attr not supported : Dmpu
2024-08-18 18:40:22,420 [ERROR] ConditionMgr:805 - Attr not supported : Dmpu
2024-08-18 18:40:22,420 [ERROR] ConditionMgr:805 - Attr not supported : Dmpu
2024-08-18 18:40:22,420 [ERROR] ConditionMgr:805 - Attr not supported : Dmpu
2024-08-18 18:40:22,420 [ERROR] ConditionMgr:805 - Attr not supported : Dmpu
2024-08-18 18:40:22,420 [ERROR] ConditionMgr:805 - Attr not supported : Dmpu
2024-08-18 18:40:22,420 [ERROR] ConditionMgr:805 - Attr not supported : Dmpu
2024-08-18 18:40:22,421 [ERROR] ConditionMgr:805 - Attr not supported : Dmpu
2024-08-18 18:40:22,421 [ERROR] ConditionMgr:805 - Attr not supported : Dmpu
2024-08-18 18:40:22,421 [ERROR] ConditionMgr:805 - Attr not supported : Dmpu
2024-08-18 18:40:22,421 [ERROR] ConditionMgr:805 - Attr not supported : Dmpu
2024-08-18 18:40:22,421 [ERROR] ConditionMgr:805 - Attr not supported : Dmpu
2024-08-18 18:40:22,421 [ERROR] ConditionMgr:805 - Attr not supported : Dmpu
2024-08-18 18:40:22,421 [ERROR] ConditionMgr:805 - Attr not supported : Dmpu
2024-08-18 18:40:22,422 [ERROR] ConditionMgr:805 - Attr not supported : Dmpu
2024-08-18 18:40:22,422 [ERROR] ConditionMgr:805 - Attr not supported : Dmpu
2024-08-18 18:40:22,422 [ERROR] ConditionMgr:805 - Attr not supported : Dmpu
2024-08-18 18:40:22,422 [ERROR] ConditionMgr:805 - Attr not supported : Dmpu
2024-08-18 18:40:22,422 [ERROR] ConditionMgr:805 - Attr not supported : Dmpu
2024-08-18 18:40:22,422 [ERROR] ConditionMgr:805 - Attr not supported : Dmpu
2024-08-18 18:40:22,422 [ERROR] ConditionMgr:805 - Attr not supported : Dmpu
2024-08-18 18:40:22,422 [ERROR] ConditionMgr:805 - Attr not supported : Dmpu
2024-08-18 18:40:22,423 [ERROR] ConditionMgr:805 - Attr not supported : Dmpu
2024-08-18 18:40:22,423 [ERROR] ConditionMgr:805 - Attr not supported : Dmpu
2024-08-18 18:40:22,423 [ERROR] ConditionMgr:805 - Attr not supported : Dmpu
2024-08-18 18:40:22,423 [ERROR] ConditionMgr:805 - Attr not supported : Dmpu
2024-08-18 18:40:22,423 [ERROR] ConditionMgr:805 - Attr not supported : Dmpu
2024-08-18 18:40:22,423 [ERROR] ConditionMgr:805 - Attr not supported : Dmpu
2024-08-18 18:40:22,423 [ERROR] ConditionMgr:805 - Attr not supported : Dmpu
2024-08-18 18:40:22,424 [ERROR] ConditionMgr:805 - Attr not supported : Dmpu
2024-08-18 18:40:22,424 [ERROR] ConditionMgr:805 - Attr not supported : Dmpu
2024-08-18 18:40:22,424 [ERROR] ConditionMgr:805 - Attr not supported : Dmpu
2024-08-18 18:40:22,424 [ERROR] ConditionMgr:805 - Attr not supported : Dmpu
2024-08-18 18:40:22,424 [ERROR] ConditionMgr:805 - Attr not supported : Dmpu
2024-08-18 18:40:22,424 [ERROR] ConditionMgr:805 - Attr not supported : Dmpu
2024-08-18 18:40:22,424 [ERROR] ConditionMgr:805 - Attr not supported : Dmpu
2024-08-18 18:40:22,424 [ERROR] ConditionMgr:805 - Attr not supported : Dmpu
2024-08-18 18:40:22,424 [ERROR] ConditionMgr:805 - Attr not supported : Dmpu
2024-08-18 18:40:22,425 [ERROR] ConditionMgr:805 - Attr not supported : Dmpu
2024-08-18 18:40:22,455 [WARN] PackLoader:240 - Cannot read IP mode file for STMicroelectronics.X-CUBE-BLEMGR.3.0.0
2024-08-18 18:40:22,482 [WARN] PackLoader:240 - Cannot read IP mode file for RealThread.X-CUBE-RT-Thread_Nano.4.1.1
2024-08-18 18:40:22,519 [WARN] PackLoader:240 - Cannot read IP mode file for STMicroelectronics.FP-ATR-SIGFOX1.3.2.0
2024-08-18 18:40:22,551 [WARN] PackLoader:240 - Cannot read IP mode file for STMicroelectronics.X-CUBE-EEPRMA1.5.1.0
2024-08-18 18:40:22,631 [WARN] PackLoader:240 - Cannot read IP mode file for SEGGER.I-CUBE-embOS.1.3.1
2024-08-18 18:40:22,724 [WARN] PackLoader:240 - Cannot read IP mode file for STMicroelectronics.X-CUBE-ALGOBUILD.1.4.0
2024-08-18 18:40:22,746 [WARN] PackLoader:240 - Cannot read IP mode file for STMicroelectronics.X-CUBE-GNSS1.6.0.0
2024-08-18 18:40:22,806 [WARN] PackLoader:240 - Cannot read IP mode file for STMicroelectronics.X-CUBE-AZRTOS-F4.1.1.0
2024-08-18 18:40:22,835 [WARN] PackLoader:240 - Cannot read IP mode file for STMicroelectronics.X-CUBE-FREERTOS.1.2.0
2024-08-18 18:40:22,853 [WARN] PackLoader:240 - Cannot read IP mode file for wolfSSL.I-CUBE-wolfSSL.5.6.6
2024-08-18 18:40:22,904 [WARN] PackLoader:240 - Cannot read IP mode file for STMicroelectronics.X-CUBE-AZRTOS-L5.2.0.0
2024-08-18 18:40:22,930 [WARN] PackLoader:240 - Cannot read IP mode file for STMicroelectronics.X-CUBE-EEPRMA1.4.2.0
2024-08-18 18:40:22,958 [WARN] PackLoader:240 - Cannot read IP mode file for STMicroelectronics.X-CUBE-NFC6.3.1.0
2024-08-18 18:40:22,984 [WARN] PackLoader:240 - Cannot read IP mode file for ITTIA_DB.I-CUBE-ITTIADB.8.8.0
2024-08-18 18:40:23,004 [WARN] PackLoader:240 - Cannot read IP mode file for STMicroelectronics.X-CUBE-DPower.1.2.0
2024-08-18 18:40:23,025 [WARN] PackLoader:240 - Cannot read IP mode file for STMicroelectronics.X-CUBE-AI.9.0.0
2024-08-18 18:40:23,046 [WARN] PackLoader:240 - Cannot read IP mode file for STMicroelectronics.X-CUBE-NFC7.1.0.1
2024-08-18 18:40:23,068 [WARN] PackLoader:240 - Cannot read IP mode file for wolfSSL.I-CUBE-wolfTPM.3.2.0
2024-08-18 18:40:23,095 [WARN] PackLoader:240 - Cannot read IP mode file for STMicroelectronics.X-CUBE-NFC6.3.0.0
2024-08-18 18:40:23,121 [WARN] PackLoader:240 - Cannot read IP mode file for STMicroelectronics.X-CUBE-AI.8.1.0
2024-08-18 18:40:23,185 [WARN] ConditionMgr:438 - getConditionDescription Invalid condition id : LAN8742 Phy interface Condition cause : null
2024-08-18 18:40:23,187 [WARN] PackLoader:240 - Cannot read IP mode file for STMicroelectronics.X-CUBE-AZRTOS-L4.2.0.0
2024-08-18 18:40:23,188 [WARN] ConditionMgr:1039 - genDependencies : Invalid condition id : LAN8742 Phy interface Condition cause : null
2024-08-18 18:40:23,189 [WARN] ConditionMgr:1039 - genDependencies : Invalid condition id : LAN8742 Phy interface Condition cause : null
2024-08-18 18:40:23,190 [WARN] ConditionMgr:1039 - genDependencies : Invalid condition id : LAN8742 Phy interface Condition cause : null
2024-08-18 18:40:23,219 [WARN] PackLoader:240 - Cannot read IP mode file for STMicroelectronics.X-CUBE-SFXS2LP1.4.0.0
2024-08-18 18:40:23,278 [WARN] PackLoader:240 - Cannot read IP mode file for STMicroelectronics.X-CUBE-AZRTOS-H7.3.3.0
2024-08-18 18:40:23,472 [WARN] ConditionMgr:438 - getConditionDescription Invalid condition id : UX DEVICE CLASS RTOS Condition cause : null
2024-08-18 18:40:23,473 [WARN] ConditionMgr:438 - getConditionDescription Invalid condition id : UX DEVICE CLASS RTOS Condition cause : null
2024-08-18 18:40:23,483 [WARN] PackLoader:240 - Cannot read IP mode file for STMicroelectronics.X-CUBE-AZRTOS-WB.2.0.0
2024-08-18 18:40:23,484 [WARN] ConditionMgr:1039 - genDependencies : Invalid condition id : UX DEVICE CLASS RTOS Condition cause : null
2024-08-18 18:40:23,484 [WARN] ConditionMgr:1039 - genDependencies : Invalid condition id : UX DEVICE CLASS RTOS Condition cause : null
2024-08-18 18:40:23,484 [WARN] ConditionMgr:1039 - genDependencies : Invalid condition id : UX DEVICE CLASS RTOS Condition cause : null
2024-08-18 18:40:23,485 [WARN] ConditionMgr:1039 - genDependencies : Invalid condition id : UX DEVICE CLASS RTOS Condition cause : null
2024-08-18 18:40:23,485 [WARN] ConditionMgr:1039 - genDependencies : Invalid condition id : UX DEVICE CLASS RTOS Condition cause : null
2024-08-18 18:40:23,513 [WARN] PackLoader:240 - Cannot read IP mode file for STMicroelectronics.FP-SNS-STBOX1.2.0.0
2024-08-18 18:40:23,561 [WARN] PackLoader:240 - Cannot read IP mode file for STMicroelectronics.X-CUBE-SUBG2.5.0.0
2024-08-18 18:40:23,593 [WARN] PackLoader:240 - Cannot read IP mode file for Cesanta.I-CUBE-Mongoose.7.13.0
2024-08-18 18:40:23,647 [WARN] PackLoader:240 - Cannot read IP mode file for STMicroelectronics.X-CUBE-AZRTOS-G4.2.0.0
2024-08-18 18:40:23,705 [WARN] PackLoader:240 - Cannot read IP mode file for Infineon.AIROC-Wi-Fi-Bluetooth-STM32.1.5.1
2024-08-18 18:40:23,743 [WARN] PackLoader:240 - Cannot read IP mode file for STMicroelectronics.FP-SNS-MOTENVWB1.1.3.1
2024-08-18 18:40:23,840 [WARN] PackLoader:240 - Cannot read IP mode file for STMicroelectronics.X-CUBE-ISPU.2.0.0
2024-08-18 18:40:24,064 [WARN] PackLoader:240 - Cannot read IP mode file for STMicroelectronics.X-CUBE-ALS.1.0.2
2024-08-18 18:40:24,183 [INFO] WebApp:161 - Instantiating new browser for Auth
2024-08-18 18:40:24,371 [WARN] PackLoader:240 - Cannot read IP mode file for STMicroelectronics.X-CUBE-MEMS1.10.0.0
2024-08-18 18:40:24,686 [WARN] PackLoader:240 - Cannot read IP mode file for STMicroelectronics.X-CUBE-FREERTOS.1.1.0
2024-08-18 18:40:24,709 [WARN] PackLoader:240 - Cannot read IP mode file for STMicroelectronics.X-CUBE-TOUCHGFX.4.24.0
2024-08-18 18:40:24,742 [WARN] PackLoader:240 - Cannot read IP mode file for portGmbH.I-Cube-SoM-uGOAL.1.1.0
2024-08-18 18:40:24,978 [WARN] PackLoader:240 - Cannot read IP mode file for STMicroelectronics.X-CUBE-ALS.1.0.1
2024-08-18 18:40:25,125 [WARN] PackLoader:240 - Cannot read IP mode file for STMicroelectronics.X-CUBE-AZRTOS-H7RS.1.0.0
2024-08-18 18:40:25,162 [WARN] PackLoader:240 - Cannot read IP mode file for STMicroelectronics.FP-ATR-ASTRA1.2.0.0
2024-08-18 18:40:25,207 [WARN] PackLoader:240 - Cannot read IP mode file for STMicroelectronics.X-CUBE-TOF1.3.4.2
2024-08-18 18:40:25,260 [WARN] PackLoader:240 - Cannot read IP mode file for STMicroelectronics.X-CUBE-TOF1.3.4.0
2024-08-18 18:40:25,316 [WARN] PackLoader:240 - Cannot read IP mode file for STMicroelectronics.X-CUBE-TOF1.3.4.1
2024-08-18 18:40:25,405 [WARN] PackLoader:240 - Cannot read IP mode file for STMicroelectronics.X-CUBE-AZRTOS-H7.3.2.0
2024-08-18 18:40:25,431 [WARN] PackLoader:240 - Cannot read IP mode file for wolfSSL.I-CUBE-wolfSSH.1.4.17
2024-08-18 18:40:25,432 [INFO] ThirdParty:978 - Integrity check success = true
2024-08-18 18:40:25,432 [INFO] IntegrityCheckThread:100 - exiting critical section [integrity check]
2024-08-18 18:40:25,432 [INFO] IntegrityCheckThread:103 - End integrity checks thread
2024-08-18 18:40:25,609 [INFO] WebApp:780 - Register for checkConnection events
2024-08-18 18:40:25,609 [INFO] WebApp:414 - Apply proxy settings
2024-08-18 18:40:25,609 [INFO] WebApp:499 - Chromium requires no authentication
2024-08-18 18:40:25,624 [INFO] WebApp:442 - Direct internet connection detected
2024-08-18 18:40:25,904 [INFO] WebApp:192 - Starting web application
2024-08-18 18:40:25,905 [INFO] WebApp:544 - Web application path used C:\ST\STM32CubeIDE_1.14.0\STM32CubeIDE\plugins\com.st.stm32cube.common.mx_6.10.0.202311202037\db\plugins\mcufinder\reactClient1\index.html
2024-08-18 18:40:47,453 [ERROR] LogOutputStream:75 - [STDERR_REDIRECT] SLF4J: Failed to load class "org.slf4j.impl.StaticLoggerBinder".
2024-08-18 18:40:47,455 [ERROR] LogOutputStream:75 - [STDERR_REDIRECT] SLF4J: Defaulting to no-operation (NOP) logger implementation
2024-08-18 18:40:47,459 [ERROR] LogOutputStream:75 - [STDERR_REDIRECT] SLF4J: See http://www.slf4j.org/codes.html#StaticLoggerBinder for further details.
