2024-08-24 13:09:28,249 [INFO] Activator:176 - 


2024-08-24 13:09:28,256 [INFO] Activator:177 - !SESSION log4j initialized
2024-08-24 13:09:34,050 [INFO] LogOutputStream:77 - [STDOUT_REDIRECT] 
2024-08-24 13:09:37,299 [INFO] ApplicationProperties:184 - Using Application install path: C:\ST\STM32CubeIDE_1.14.0\STM32CubeIDE\plugins\com.st.stm32cube.common.mx_6.10.0.202311202037
2024-08-24 13:09:37,316 [INFO] DbMcusXml:78 - Set database path to: C:\ST\STM32CubeIDE_1.14.0\STM32CubeIDE\plugins\com.st.stm32cube.common.mx_6.10.0.202311202037\\db\/mcu/
2024-08-24 13:09:37,317 [INFO] ApiDb:274 - Set plugin database path to: C:\ST\STM32CubeIDE_1.14.0\STM32CubeIDE\plugins\com.st.stm32cube.common.mx_6.10.0.202311202037\\db\/plugins/boardmanager/
2024-08-24 13:09:37,317 [WARN] ApiDb:259 - Overriding images path with different value:  => C:\ST\STM32CubeIDE_1.14.0\STM32CubeIDE\plugins\com.st.stm32cube.common.mx_6.10.0.202311202037\\db\/plugins/mcufinder/images/
2024-08-24 13:09:37,327 [INFO] ApiDb:250 - Set database path to: C:\Users\adith\.stmcufinder\plugins\mcufinder//mcu/
2024-08-24 13:09:37,328 [INFO] DbMcusAds:125 - Set database path to: C:\Users\adith\.stmcufinder\plugins\mcufinder//mcu/
2024-08-24 13:09:37,329 [INFO] CrossReferenceDbSqlite:203 - Set database path to: C:\Users\adith\.stmcufinder\plugins\mcufinder//mcu/cs/
2024-08-24 13:09:37,436 [INFO] RulesReader:64 - Compatibility file has been processed (297 Rules)
2024-08-24 13:09:37,512 [INFO] DbMcusXml:78 - Set database path to: C:\ST\STM32CubeIDE_1.14.0\STM32CubeIDE\plugins\com.st.stm32cube.common.mx_6.10.0.202311202037\\db\/mcu/
2024-08-24 13:09:37,512 [INFO] ApiDb:274 - Set plugin database path to: C:\ST\STM32CubeIDE_1.14.0\STM32CubeIDE\plugins\com.st.stm32cube.common.mx_6.10.0.202311202037\\db\/plugins/boardmanager/
2024-08-24 13:09:37,512 [INFO] ApiDb:261 - Set plugin images path to: C:\ST\STM32CubeIDE_1.14.0\STM32CubeIDE\plugins\com.st.stm32cube.common.mx_6.10.0.202311202037\\db\/plugins/mcufinder/images/
2024-08-24 13:09:37,512 [WARN] DbFile:41 - Overriding database path with different value: C:\Users\adith\.stmcufinder\plugins\mcufinder/ => C:\Users\adith\.stmcufinder\plugins\mcufinder
2024-08-24 13:09:37,512 [INFO] ApiDb:250 - Set database path to: C:\Users\adith\.stmcufinder\plugins\mcufinder//mcu/
2024-08-24 13:09:37,512 [WARN] DbFile:41 - Overriding database path with different value: C:\Users\adith\.stmcufinder\plugins\mcufinder/ => C:\Users\adith\.stmcufinder\plugins\mcufinder
2024-08-24 13:09:37,512 [INFO] DbMcusAds:125 - Set database path to: C:\Users\adith\.stmcufinder\plugins\mcufinder//mcu/
2024-08-24 13:09:37,512 [WARN] DbFile:41 - Overriding database path with different value: C:\Users\adith\.stmcufinder\plugins\mcufinder/ => C:\Users\adith\.stmcufinder\plugins\mcufinder
2024-08-24 13:09:37,512 [WARN] DbFile:41 - Overriding database path with different value: C:\Users\adith\.stmcufinder\plugins\mcufinder/ => C:\Users\adith\.stmcufinder\plugins\mcufinder
2024-08-24 13:09:37,512 [INFO] CrossReferenceDbSqlite:203 - Set database path to: C:\Users\adith\.stmcufinder\plugins\mcufinder//mcu/cs/
2024-08-24 13:09:37,580 [INFO] MainPanel:264 - HeapMemory: 268435456
2024-08-24 13:09:37,661 [INFO] DbMcusXml:78 - Set database path to: C:\ST\STM32CubeIDE_1.14.0\STM32CubeIDE\plugins\com.st.stm32cube.common.mx_6.10.0.202311202037\\db\/mcu/
2024-08-24 13:09:37,661 [INFO] ApiDb:274 - Set plugin database path to: C:\ST\STM32CubeIDE_1.14.0\STM32CubeIDE\plugins\com.st.stm32cube.common.mx_6.10.0.202311202037\\db\/plugins/boardmanager/
2024-08-24 13:09:37,661 [INFO] ApiDb:261 - Set plugin images path to: C:\ST\STM32CubeIDE_1.14.0\STM32CubeIDE\plugins\com.st.stm32cube.common.mx_6.10.0.202311202037\\db\/plugins/mcufinder/images/
2024-08-24 13:09:37,661 [WARN] DbFile:41 - Overriding database path with different value: C:\Users\adith\.stmcufinder\plugins\mcufinder/ => C:\Users\adith\.stmcufinder\plugins\mcufinder
2024-08-24 13:09:37,661 [INFO] ApiDb:250 - Set database path to: C:\Users\adith\.stmcufinder\plugins\mcufinder//mcu/
2024-08-24 13:09:37,662 [WARN] DbFile:41 - Overriding database path with different value: C:\Users\adith\.stmcufinder\plugins\mcufinder/ => C:\Users\adith\.stmcufinder\plugins\mcufinder
2024-08-24 13:09:37,662 [INFO] DbMcusAds:125 - Set database path to: C:\Users\adith\.stmcufinder\plugins\mcufinder//mcu/
2024-08-24 13:09:37,662 [WARN] DbFile:41 - Overriding database path with different value: C:\Users\adith\.stmcufinder\plugins\mcufinder/ => C:\Users\adith\.stmcufinder\plugins\mcufinder
2024-08-24 13:09:37,662 [WARN] DbFile:41 - Overriding database path with different value: C:\Users\adith\.stmcufinder\plugins\mcufinder/ => C:\Users\adith\.stmcufinder\plugins\mcufinder
2024-08-24 13:09:37,662 [INFO] CrossReferenceDbSqlite:203 - Set database path to: C:\Users\adith\.stmcufinder\plugins\mcufinder//mcu/cs/
2024-08-24 13:09:37,679 [INFO] ApplicationProperties:184 - Using Application install path: C:\ST\STM32CubeIDE_1.14.0\STM32CubeIDE\plugins\com.st.stm32cube.common.mx_6.10.0.202311202037
2024-08-24 13:09:37,680 [INFO] PluginManage:196 - Search for loadable plugins [exclusion list=, ]
2024-08-24 13:09:37,682 [INFO] PluginManage:310 - Check plugin analytics
2024-08-24 13:09:37,851 [INFO] AnalyticsPlugin:253 - Accepted Software Licenses: 
2024-08-24 13:09:37,851 [INFO] AnalyticsPlugin:255 - Accepted CMSIS Pack Licenses: 
2024-08-24 13:09:37,851 [INFO] AnalyticsPlugin:257 - Accepted Firmware Licenses: FW.F4.1.28.0,FW.G4.1.5.0
2024-08-24 13:09:37,854 [INFO] PluginManage:359 - Loaded plugin analytics (category:tool,tabindex:-1)
2024-08-24 13:09:37,855 [INFO] PluginManage:310 - Check plugin cadmodel
2024-08-24 13:09:37,870 [INFO] CADModel:105 - Init CAD model plugin
2024-08-24 13:09:37,870 [INFO] PluginManage:359 - Loaded plugin cadmodel (category:power,tabindex:5)
2024-08-24 13:09:37,870 [INFO] PluginManage:310 - Check plugin clock
2024-08-24 13:09:37,890 [INFO] PluginManage:359 - Loaded plugin clock (category:base,tabindex:2)
2024-08-24 13:09:37,890 [INFO] PluginManage:310 - Check plugin ddr
2024-08-24 13:09:37,893 [INFO] PluginManage:359 - Loaded plugin ddr (category:tool,tabindex:6)
2024-08-24 13:09:37,893 [INFO] PluginManage:310 - Check plugin filemanager
2024-08-24 13:09:38,029 [INFO] PluginManage:359 - Loaded plugin filemanager (category:base,tabindex:10)
2024-08-24 13:09:38,029 [INFO] PluginManage:310 - Check plugin ipmanager
2024-08-24 13:09:38,037 [INFO] PluginManage:359 - Loaded plugin ipmanager (category:base,tabindex:5)
2024-08-24 13:09:38,037 [INFO] PluginManage:310 - Check plugin lpbam
2024-08-24 13:09:38,054 [INFO] PluginManage:359 - Loaded plugin lpbam (category:base,tabindex:0)
2024-08-24 13:09:38,054 [INFO] PluginManage:310 - Check plugin memorymap
2024-08-24 13:09:38,077 [INFO] PluginManage:359 - Loaded plugin memorymap (category:base,tabindex:4)
2024-08-24 13:09:38,077 [INFO] PluginManage:310 - Check plugin pinoutandconfiguration
2024-08-24 13:09:38,093 [INFO] PluginManage:359 - Loaded plugin pinoutandconfiguration (category:base,tabindex:1)
2024-08-24 13:09:38,093 [INFO] PluginManage:310 - Check plugin pinoutconfig
2024-08-24 13:09:38,192 [WARN] SupportedApi:132 - Cannot load RTOS API schema: s4s-elt-must-match.1: The content of 'definitions' must match (annotation?, (simpleType | complexType)?, (unique | key | keyref)*)). A problem was found starting at: attribute.
2024-08-24 13:09:38,311 [INFO] PluginManage:359 - Loaded plugin pinoutconfig (category:base,tabindex:0)
2024-08-24 13:09:38,312 [INFO] PluginManage:310 - Check plugin power
2024-08-24 13:09:38,334 [INFO] PluginManage:359 - Loaded plugin power (category:power,tabindex:4)
2024-08-24 13:09:38,334 [INFO] PluginManage:310 - Check plugin projectmanager
2024-08-24 13:09:38,351 [INFO] PluginManage:359 - Loaded plugin projectmanager (category:projectmanager,tabindex:3)
2024-08-24 13:09:38,352 [INFO] PluginManage:310 - Check plugin thirdparty
2024-08-24 13:09:38,628 [INFO] PluginManage:359 - Loaded plugin thirdparty (category:base,tabindex:-1)
2024-08-24 13:09:38,628 [WARN] IntegrityCheckThread:84 - waiting for thirdparty lock release [integrity check]
2024-08-24 13:09:38,628 [INFO] PluginManage:310 - Check plugin tools
2024-08-24 13:09:38,629 [INFO] IntegrityCheckThread:86 - entering critical section [integrity check]
2024-08-24 13:09:38,629 [INFO] ThirdPartyUpdaterWithRetryManager:70 - Updater plugin not ready yet. [1/15]
2024-08-24 13:09:38,666 [INFO] PluginManage:359 - Loaded plugin tools (category:base,tabindex:7)
2024-08-24 13:09:38,666 [INFO] PluginManage:310 - Check plugin tutovideos
2024-08-24 13:09:38,865 [INFO] PluginManage:359 - Loaded plugin tutovideos (category:base,tabindex:-1)
2024-08-24 13:09:38,865 [INFO] PluginManage:310 - Check plugin updater
2024-08-24 13:09:38,878 [INFO] PluginManage:359 - Loaded plugin updater (category:base,tabindex:12)
2024-08-24 13:09:38,878 [INFO] PluginManage:310 - Check plugin userauth
2024-08-24 13:09:38,885 [INFO] UserAuth:114 - Init User Auth plugin
2024-08-24 13:09:38,885 [INFO] PluginManage:359 - Loaded plugin userauth (category:base,tabindex:14)
2024-08-24 13:09:38,886 [INFO] PluginManage:283 - PluginManage : Loaded plugins [17]
2024-08-24 13:09:39,139 [INFO] PinOutPanel:1499 - setPackage(No Configuration,No Configuration)
2024-08-24 13:09:39,207 [INFO] CADModel:165 - CPN selected for project level
2024-08-24 13:09:39,207 [INFO] CADModel:114 - Register for checkConnection events
2024-08-24 13:09:39,232 [INFO] IPUIPlugin:80 - create IPUIPlugin
2024-08-24 13:09:39,232 [INFO] PluginManager:220 - loadIPPluginJar : add adc
2024-08-24 13:09:39,271 [INFO] IPUIPlugin:80 - create IPUIPlugin
2024-08-24 13:09:39,271 [INFO] PluginManager:220 - loadIPPluginJar : add aes
2024-08-24 13:09:39,314 [INFO] IPUIPlugin:80 - create IPUIPlugin
2024-08-24 13:09:39,314 [INFO] PluginManager:220 - loadIPPluginJar : add can
2024-08-24 13:09:39,338 [INFO] IPUIPlugin:80 - create IPUIPlugin
2024-08-24 13:09:39,338 [INFO] PluginManager:220 - loadIPPluginJar : add comp
2024-08-24 13:09:39,372 [INFO] IPUIPlugin:80 - create IPUIPlugin
2024-08-24 13:09:39,373 [INFO] PluginManager:220 - loadIPPluginJar : add cryp
2024-08-24 13:09:39,403 [INFO] IPUIPlugin:80 - create IPUIPlugin
2024-08-24 13:09:39,403 [INFO] PluginManager:220 - loadIPPluginJar : add dfsdm
2024-08-24 13:09:39,415 [INFO] IPUIPlugin:80 - create IPUIPlugin
2024-08-24 13:09:39,416 [INFO] PluginManager:220 - loadIPPluginJar : add dma
2024-08-24 13:09:39,459 [INFO] IPUIPlugin:80 - create IPUIPlugin
2024-08-24 13:09:39,459 [INFO] PluginManager:220 - loadIPPluginJar : add dma3
2024-08-24 13:09:39,478 [INFO] IPUIPlugin:80 - create IPUIPlugin
2024-08-24 13:09:39,478 [INFO] PluginManager:220 - loadIPPluginJar : add fatfs
2024-08-24 13:09:39,524 [INFO] IPUIPlugin:80 - create IPUIPlugin
2024-08-24 13:09:39,525 [INFO] PluginManager:220 - loadIPPluginJar : add fmc
2024-08-24 13:09:39,539 [INFO] IPUIPlugin:80 - create IPUIPlugin
2024-08-24 13:09:39,539 [INFO] PluginManager:220 - loadIPPluginJar : add freertos
2024-08-24 13:09:39,558 [INFO] IPUIPlugin:80 - create IPUIPlugin
2024-08-24 13:09:39,558 [INFO] PluginManager:220 - loadIPPluginJar : add genericplugin
2024-08-24 13:09:39,646 [INFO] IPUIPlugin:80 - create IPUIPlugin
2024-08-24 13:09:39,646 [INFO] PluginManager:220 - loadIPPluginJar : add gfxmmu
2024-08-24 13:09:39,792 [INFO] IPUIPlugin:80 - create IPUIPlugin
2024-08-24 13:09:39,792 [INFO] PluginManager:220 - loadIPPluginJar : add gic
2024-08-24 13:09:39,804 [INFO] IPUIPlugin:80 - create IPUIPlugin
2024-08-24 13:09:39,804 [INFO] PluginManager:220 - loadIPPluginJar : add gpio
2024-08-24 13:09:39,895 [INFO] IPUIPlugin:80 - create IPUIPlugin
2024-08-24 13:09:39,895 [INFO] PluginManager:220 - loadIPPluginJar : add gtzc
2024-08-24 13:09:39,925 [INFO] IPUIPlugin:80 - create IPUIPlugin
2024-08-24 13:09:39,925 [INFO] PluginManager:220 - loadIPPluginJar : add hash
2024-08-24 13:09:39,974 [INFO] IPUIPlugin:80 - create IPUIPlugin
2024-08-24 13:09:39,974 [INFO] PluginManager:220 - loadIPPluginJar : add i2c
2024-08-24 13:09:40,010 [INFO] IPUIPlugin:80 - create IPUIPlugin
2024-08-24 13:09:40,011 [INFO] PluginManager:220 - loadIPPluginJar : add i2s
2024-08-24 13:09:40,048 [INFO] IPUIPlugin:80 - create IPUIPlugin
2024-08-24 13:09:40,049 [INFO] PluginManager:220 - loadIPPluginJar : add i3c
2024-08-24 13:09:40,146 [INFO] IPUIPlugin:80 - create IPUIPlugin
2024-08-24 13:09:40,146 [INFO] PluginManager:220 - loadIPPluginJar : add ipddr
2024-08-24 13:09:40,232 [INFO] IPUIPlugin:80 - create IPUIPlugin
2024-08-24 13:09:40,232 [INFO] PluginManager:220 - loadIPPluginJar : add linkedlist
2024-08-24 13:09:40,264 [INFO] IPUIPlugin:80 - create IPUIPlugin
2024-08-24 13:09:40,264 [INFO] PluginManager:220 - loadIPPluginJar : add lorawan
2024-08-24 13:09:40,300 [INFO] IPUIPlugin:80 - create IPUIPlugin
2024-08-24 13:09:40,300 [INFO] PluginManager:220 - loadIPPluginJar : add ltdc
2024-08-24 13:09:40,311 [INFO] IPUIPlugin:80 - create IPUIPlugin
2024-08-24 13:09:40,311 [INFO] PluginManager:220 - loadIPPluginJar : add mdma
2024-08-24 13:09:40,322 [INFO] IPUIPlugin:80 - create IPUIPlugin
2024-08-24 13:09:40,322 [INFO] PluginManager:220 - loadIPPluginJar : add nvic
2024-08-24 13:09:40,354 [INFO] IPUIPlugin:80 - create IPUIPlugin
2024-08-24 13:09:40,354 [INFO] PluginManager:220 - loadIPPluginJar : add opamp
2024-08-24 13:09:40,410 [INFO] IPUIPlugin:80 - create IPUIPlugin
2024-08-24 13:09:40,411 [INFO] PluginManager:220 - loadIPPluginJar : add openamp
2024-08-24 13:09:40,449 [INFO] IPUIPlugin:80 - create IPUIPlugin
2024-08-24 13:09:40,450 [INFO] PluginManager:220 - loadIPPluginJar : add pdm2pcm
2024-08-24 13:09:40,460 [INFO] IPUIPlugin:80 - create IPUIPlugin
2024-08-24 13:09:40,462 [INFO] PluginManager:220 - loadIPPluginJar : add plateformsettings
2024-08-24 13:09:40,482 [INFO] IPUIPlugin:80 - create IPUIPlugin
2024-08-24 13:09:40,482 [INFO] PluginManager:220 - loadIPPluginJar : add quadspi
2024-08-24 13:09:40,493 [INFO] IPUIPlugin:80 - create IPUIPlugin
2024-08-24 13:09:40,494 [INFO] PluginManager:220 - loadIPPluginJar : add resmgrutility
2024-08-24 13:09:40,537 [INFO] IPUIPlugin:80 - create IPUIPlugin
2024-08-24 13:09:40,537 [INFO] PluginManager:220 - loadIPPluginJar : add sai
2024-08-24 13:09:40,573 [INFO] IPUIPlugin:80 - create IPUIPlugin
2024-08-24 13:09:40,573 [INFO] PluginManager:220 - loadIPPluginJar : add spi
2024-08-24 13:09:40,646 [INFO] IPUIPlugin:80 - create IPUIPlugin
2024-08-24 13:09:40,647 [INFO] PluginManager:220 - loadIPPluginJar : add stm32_wpan
2024-08-24 13:09:40,670 [INFO] IPUIPlugin:80 - create IPUIPlugin
2024-08-24 13:09:40,670 [INFO] PluginManager:220 - loadIPPluginJar : add tim
2024-08-24 13:09:40,727 [INFO] IPUIPlugin:80 - create IPUIPlugin
2024-08-24 13:09:40,727 [INFO] PluginManager:220 - loadIPPluginJar : add touchsensing
2024-08-24 13:09:40,749 [INFO] IPUIPlugin:80 - create IPUIPlugin
2024-08-24 13:09:40,749 [INFO] PluginManager:220 - loadIPPluginJar : add tracer_emb
2024-08-24 13:09:40,772 [INFO] IPUIPlugin:80 - create IPUIPlugin
2024-08-24 13:09:40,772 [INFO] PluginManager:220 - loadIPPluginJar : add ts
2024-08-24 13:09:40,795 [INFO] IPUIPlugin:80 - create IPUIPlugin
2024-08-24 13:09:40,795 [INFO] PluginManager:220 - loadIPPluginJar : add tsc
2024-08-24 13:09:40,817 [INFO] IPUIPlugin:80 - create IPUIPlugin
2024-08-24 13:09:40,817 [INFO] PluginManager:220 - loadIPPluginJar : add ucpd
2024-08-24 13:09:40,861 [INFO] IPUIPlugin:80 - create IPUIPlugin
2024-08-24 13:09:40,861 [INFO] PluginManager:220 - loadIPPluginJar : add usart
2024-08-24 13:09:40,903 [INFO] IPUIPlugin:80 - create IPUIPlugin
2024-08-24 13:09:40,904 [INFO] PluginManager:220 - loadIPPluginJar : add usbx
2024-08-24 13:09:41,020 [INFO] CADModel:165 - CPN selected for project level
2024-08-24 13:09:41,020 [INFO] CADModel:114 - Register for checkConnection events
2024-08-24 13:09:41,020 [FATAL] Updater:308 - Updater called before beeing initialized
2024-08-24 13:09:41,020 [ERROR] CADModel:125 - Updater not yet initialized, retry later 
2024-08-24 13:09:41,143 [INFO] CADModel:165 - CPN selected for project level
2024-08-24 13:09:41,144 [INFO] CADModel:114 - Register for checkConnection events
2024-08-24 13:09:41,144 [FATAL] Updater:308 - Updater called before beeing initialized
2024-08-24 13:09:41,144 [ERROR] CADModel:125 - Updater not yet initialized, retry later 
2024-08-24 13:09:41,146 [FATAL] Updater:308 - Updater called before beeing initialized
2024-08-24 13:09:41,263 [FATAL] Updater:308 - Updater called before beeing initialized
2024-08-24 13:09:41,273 [INFO] DbMcusAds:53 - JSON generation date=Thu May 16 14:52:00 IST 2024 (1715851320667)
2024-08-24 13:09:41,273 [FATAL] Updater:308 - Updater called before beeing initialized
2024-08-24 13:09:41,354 [WARN] DetailPanel:346 - Failed to get advertising image, set to default
2024-08-24 13:09:41,461 [FATAL] Updater:308 - Updater called before beeing initialized
2024-08-24 13:09:41,463 [FATAL] Updater:308 - Updater called before beeing initialized
2024-08-24 13:09:41,463 [FATAL] Updater:308 - Updater called before beeing initialized
2024-08-24 13:09:41,463 [WARN] DetailPanel:346 - Failed to get advertising image, set to default
2024-08-24 13:09:41,464 [FATAL] Updater:308 - Updater called before beeing initialized
2024-08-24 13:09:41,554 [ERROR] Updater:1120 - MainUpdater not yet initialized. External WinMGr cannot be set.
2024-08-24 13:09:41,567 [INFO] Updater:1056 - Updater Version found : 6.10.0
2024-08-24 13:09:41,585 [INFO] ApplicationProperties:184 - Using Application install path: C:\ST\STM32CubeIDE_1.14.0\STM32CubeIDE\plugins\com.st.stm32cube.common.mx_6.10.0.202311202037
2024-08-24 13:09:41,631 [INFO] ThirdPartyUpdaterWithRetryManager:70 - Updater plugin not ready yet. [2/15]
2024-08-24 13:09:43,164 [ERROR] LogOutputStream:75 - [STDERR_REDIRECT] Aug 24, 2024 1:09:43 PM java.util.prefs.WindowsPreferences <init>
2024-08-24 13:09:43,166 [ERROR] LogOutputStream:75 - [STDERR_REDIRECT] WARNING: Could not open/create prefs root node Software\JavaSoft\Prefs at root 0xffffffff80000002. Windows RegCreateKeyEx(...) returned error code 5.
2024-08-24 13:09:43,166 [ERROR] LogOutputStream:75 - [STDERR_REDIRECT] 
2024-08-24 13:09:43,388 [INFO] MainUpdater:2873 - connection check result : 10
2024-08-24 13:09:43,388 [INFO] MainUpdater:3567 - Updater definition file requires update
2024-08-24 13:09:43,389 [INFO] MainUpdater:290 - Updater Check For Update Now.
2024-08-24 13:09:43,390 [INFO] MicroXplorer:498 - Change Database Version : DB.6.0.100
2024-08-24 13:09:43,406 [INFO] McuFinderGlobals:63 - Set McuFinder mode to 2 (CubeIDE integrated)
2024-08-24 13:09:43,439 [INFO] ServerAccessManage:473 - Download File updaters.zip
2024-08-24 13:09:43,509 [INFO] FileExtend:240 - Unzip File : updaters.zip
2024-08-24 13:09:43,509 [INFO] FileExtend:255 - Standard Zip Deflate
2024-08-24 13:09:43,646 [INFO] UserAuth:404 - Internet connection configuration mode: 1
2024-08-24 13:09:43,684 [INFO] JxBrowserEngine:152 - Initiate JxBrowser Engine with user profile folder
2024-08-24 13:09:43,929 [INFO] ServerAccessManage:473 - Download File PacksControlFlags.xml
2024-08-24 13:09:44,035 [INFO] ServerAccessManage:473 - Download File cubemx.pidx
2024-08-24 13:09:44,632 [WARN] MainUpdater:1194 - Updater busy. Cannot search thirdparties
2024-08-24 13:09:44,632 [INFO] ThirdPartyUpdaterWithRetryManager:96 - Updater plugin is busy. [1/15]
2024-08-24 13:09:45,098 [INFO] ServerAccessManage:473 - Download File STMicroelectronics.X-CUBE-MEMS1.pdsc
2024-08-24 13:09:47,039 [WARN] PackLoader:240 - Cannot read IP mode file for STMicroelectronics.X-CUBE-MEMS1.11.0.0
2024-08-24 13:09:47,077 [INFO] CheckServerUpdateThread:120 - End of CheckServer Thread
2024-08-24 13:09:47,394 [INFO] PopulateThirdPartyThread:66 - Ending populate Thread
2024-08-24 13:09:47,396 [INFO] ThirdParty:1030 - CMSIS Pack Vendor :STMicroelectronics X-CUBE-MEMS1 11.0.0
2024-08-24 13:09:47,400 [INFO] LoadServerUpdatesThread:375 - End of LoadServerUpdate Thread
2024-08-24 13:09:47,543 [INFO] WebApp:161 - Instantiating new browser for Auth
2024-08-24 13:09:48,028 [WARN] PackLoader:240 - Cannot read IP mode file for STMicroelectronics.FP-SNS-MOTENVWB1.1.4.0
2024-08-24 13:09:48,051 [WARN] PackLoader:240 - Cannot read IP mode file for STMicroelectronics.X-CUBE-SMBUS.2.1.0
2024-08-24 13:09:48,071 [WARN] PackLoader:240 - Cannot read IP mode file for STMicroelectronics.X-CUBE-TOUCHGFX.4.23.0
2024-08-24 13:09:48,086 [WARN] PackLoader:240 - Cannot read IP mode file for STMicroelectronics.X-CUBE-TOUCHGFX.4.23.2
2024-08-24 13:09:48,131 [WARN] PackLoader:240 - Cannot read IP mode file for STMicroelectronics.X-CUBE-AZRTOS-F7.1.1.0
2024-08-24 13:09:48,159 [WARN] PackLoader:240 - Cannot read IP mode file for STMicroelectronics.FP-SNS-MOTENV1.4.3.2
2024-08-24 13:09:48,234 [WARN] PackLoader:240 - Cannot read IP mode file for STMicroelectronics.X-CUBE-MEMS1.11.0.0
2024-08-24 13:09:48,511 [WARN] PackLoader:240 - Cannot read IP mode file for STMicroelectronics.FP-SNS-FLIGHT1.5.0.2
2024-08-24 13:09:48,526 [INFO] WebApp:780 - Register for checkConnection events
2024-08-24 13:09:48,526 [INFO] WebApp:414 - Apply proxy settings
2024-08-24 13:09:48,526 [INFO] WebApp:499 - Chromium requires no authentication
2024-08-24 13:09:48,536 [WARN] PackLoader:240 - Cannot read IP mode file for STMicroelectronics.X-CUBE-DISPLAY.3.0.0
2024-08-24 13:09:48,539 [INFO] WebApp:442 - Direct internet connection detected
2024-08-24 13:09:48,560 [WARN] PackLoader:240 - Cannot read IP mode file for STMicroelectronics.X-CUBE-BLE1.7.0.0
2024-08-24 13:09:48,579 [WARN] PackLoader:240 - Cannot read IP mode file for emotas.I-CUBE-CANOPEN.1.3.0
2024-08-24 13:09:48,606 [WARN] PackLoader:240 - Cannot read IP mode file for STMicroelectronics.X-CUBE-BLEMGR.3.1.0
2024-08-24 13:09:48,637 [WARN] PackLoader:240 - Cannot read IP mode file for STMicroelectronics.FP-SNS-SMARTAG2.1.2.0
2024-08-24 13:09:48,664 [INFO] LogOutputStream:77 - [STDOUT_REDIRECT] 1 : Invalid condition id : UX_CORESTACK_Condition cause : null
2024-08-24 13:09:48,665 [INFO] LogOutputStream:77 - [STDOUT_REDIRECT] 1 : Invalid condition id : UX_CORESTACK_Condition cause : null
2024-08-24 13:09:48,666 [INFO] LogOutputStream:77 - [STDOUT_REDIRECT] 1 : Invalid condition id : UX_CORESTACK_Condition cause : null
2024-08-24 13:09:48,668 [INFO] LogOutputStream:77 - [STDOUT_REDIRECT] 1 : Invalid condition id : UX_CORESTACK_Condition cause : null
2024-08-24 13:09:48,670 [INFO] LogOutputStream:77 - [STDOUT_REDIRECT] 1 : Invalid condition id : UX_CORESTACK_Condition cause : null
2024-08-24 13:09:48,676 [WARN] PackLoader:240 - Cannot read IP mode file for STMicroelectronics.X-CUBE-AZRTOS-WL.2.0.0
2024-08-24 13:09:48,697 [WARN] PackLoader:240 - Cannot read IP mode file for STMicroelectronics.FP-SNS-MOTENV1.5.0.0
2024-08-24 13:09:48,706 [WARN] PackLoader:240 - Cannot read IP mode file for wolfSSL.I-CUBE-wolfMQTT.1.19.0
2024-08-24 13:09:48,732 [WARN] PackLoader:240 - Cannot read IP mode file for WES.I-CUBE-Cesium.1.3.0
2024-08-24 13:09:48,751 [WARN] PackLoader:240 - Cannot read IP mode file for STMicroelectronics.X-CUBE-BLE2.3.3.0
2024-08-24 13:09:48,772 [WARN] PackLoader:240 - Cannot read IP mode file for STMicroelectronics.X-CUBE-TCPP.4.1.0
2024-08-24 13:09:48,791 [WARN] PackLoader:240 - Cannot read IP mode file for STMicroelectronics.X-CUBE-ALGOBUILD.1.3.0
2024-08-24 13:09:48,805 [INFO] WebApp:192 - Starting web application
2024-08-24 13:09:48,805 [INFO] WebApp:544 - Web application path used C:\ST\STM32CubeIDE_1.14.0\STM32CubeIDE\plugins\com.st.stm32cube.common.mx_6.10.0.202311202037\db\plugins\mcufinder\reactClient1\index.html
2024-08-24 13:09:48,832 [WARN] PackLoader:240 - Cannot read IP mode file for STMicroelectronics.X-CUBE-AZRTOS-G0.1.1.0
2024-08-24 13:09:48,853 [WARN] PackLoader:240 - Cannot read IP mode file for STMicroelectronics.X-CUBE-SAFEA1.1.2.2
2024-08-24 13:09:48,871 [WARN] PackLoader:240 - Cannot read IP mode file for STMicroelectronics.X-CUBE-NFC4.3.0.0
2024-08-24 13:09:48,887 [WARN] PackLoader:240 - Cannot read IP mode file for wolfSSL.I-CUBE-wolfMQTT.1.18.0
2024-08-24 13:09:48,911 [WARN] PackLoader:240 - Cannot read IP mode file for EmbeddedOffice.I-CUBE-FS-RTOS.1.0.1
2024-08-24 13:09:48,912 [ERROR] ConditionMgr:805 - Attr not supported : Dmpu
2024-08-24 13:09:48,912 [ERROR] ConditionMgr:805 - Attr not supported : Dmpu
2024-08-24 13:09:48,912 [ERROR] ConditionMgr:805 - Attr not supported : Dmpu
2024-08-24 13:09:48,912 [ERROR] ConditionMgr:805 - Attr not supported : Dmpu
2024-08-24 13:09:48,913 [ERROR] ConditionMgr:805 - Attr not supported : Dmpu
2024-08-24 13:09:48,913 [ERROR] ConditionMgr:805 - Attr not supported : Dmpu
2024-08-24 13:09:48,913 [ERROR] ConditionMgr:805 - Attr not supported : Dmpu
2024-08-24 13:09:48,913 [ERROR] ConditionMgr:805 - Attr not supported : Dmpu
2024-08-24 13:09:48,913 [ERROR] ConditionMgr:805 - Attr not supported : Dmpu
2024-08-24 13:09:48,913 [ERROR] ConditionMgr:805 - Attr not supported : Dmpu
2024-08-24 13:09:48,913 [ERROR] ConditionMgr:805 - Attr not supported : Dmpu
2024-08-24 13:09:48,914 [ERROR] ConditionMgr:805 - Attr not supported : Dmpu
2024-08-24 13:09:48,914 [ERROR] ConditionMgr:805 - Attr not supported : Dmpu
2024-08-24 13:09:48,914 [ERROR] ConditionMgr:805 - Attr not supported : Dmpu
2024-08-24 13:09:48,914 [ERROR] ConditionMgr:805 - Attr not supported : Dmpu
2024-08-24 13:09:48,914 [ERROR] ConditionMgr:805 - Attr not supported : Dmpu
2024-08-24 13:09:48,914 [ERROR] ConditionMgr:805 - Attr not supported : Dmpu
2024-08-24 13:09:48,914 [ERROR] ConditionMgr:805 - Attr not supported : Dmpu
2024-08-24 13:09:48,914 [ERROR] ConditionMgr:805 - Attr not supported : Dmpu
2024-08-24 13:09:48,914 [ERROR] ConditionMgr:805 - Attr not supported : Dmpu
2024-08-24 13:09:48,914 [ERROR] ConditionMgr:805 - Attr not supported : Dmpu
2024-08-24 13:09:48,915 [ERROR] ConditionMgr:805 - Attr not supported : Dmpu
2024-08-24 13:09:48,915 [ERROR] ConditionMgr:805 - Attr not supported : Dmpu
2024-08-24 13:09:48,915 [ERROR] ConditionMgr:805 - Attr not supported : Dmpu
2024-08-24 13:09:48,915 [ERROR] ConditionMgr:805 - Attr not supported : Dmpu
2024-08-24 13:09:48,915 [ERROR] ConditionMgr:805 - Attr not supported : Dmpu
2024-08-24 13:09:48,915 [ERROR] ConditionMgr:805 - Attr not supported : Dmpu
2024-08-24 13:09:48,915 [ERROR] ConditionMgr:805 - Attr not supported : Dmpu
2024-08-24 13:09:48,915 [ERROR] ConditionMgr:805 - Attr not supported : Dmpu
2024-08-24 13:09:48,915 [ERROR] ConditionMgr:805 - Attr not supported : Dmpu
2024-08-24 13:09:48,916 [ERROR] ConditionMgr:805 - Attr not supported : Dmpu
2024-08-24 13:09:48,916 [ERROR] ConditionMgr:805 - Attr not supported : Dmpu
2024-08-24 13:09:48,916 [ERROR] ConditionMgr:805 - Attr not supported : Dmpu
2024-08-24 13:09:48,916 [ERROR] ConditionMgr:805 - Attr not supported : Dmpu
2024-08-24 13:09:48,916 [ERROR] ConditionMgr:805 - Attr not supported : Dmpu
2024-08-24 13:09:48,916 [ERROR] ConditionMgr:805 - Attr not supported : Dmpu
2024-08-24 13:09:48,916 [ERROR] ConditionMgr:805 - Attr not supported : Dmpu
2024-08-24 13:09:48,916 [ERROR] ConditionMgr:805 - Attr not supported : Dmpu
2024-08-24 13:09:48,916 [ERROR] ConditionMgr:805 - Attr not supported : Dmpu
2024-08-24 13:09:48,917 [ERROR] ConditionMgr:805 - Attr not supported : Dmpu
2024-08-24 13:09:48,917 [ERROR] ConditionMgr:805 - Attr not supported : Dmpu
2024-08-24 13:09:48,917 [ERROR] ConditionMgr:805 - Attr not supported : Dmpu
2024-08-24 13:09:48,917 [ERROR] ConditionMgr:805 - Attr not supported : Dmpu
2024-08-24 13:09:48,917 [ERROR] ConditionMgr:805 - Attr not supported : Dmpu
2024-08-24 13:09:48,917 [ERROR] ConditionMgr:805 - Attr not supported : Dmpu
2024-08-24 13:09:48,917 [ERROR] ConditionMgr:805 - Attr not supported : Dmpu
2024-08-24 13:09:48,917 [ERROR] ConditionMgr:805 - Attr not supported : Dmpu
2024-08-24 13:09:48,918 [ERROR] ConditionMgr:805 - Attr not supported : Dmpu
2024-08-24 13:09:48,918 [ERROR] ConditionMgr:805 - Attr not supported : Dmpu
2024-08-24 13:09:48,918 [ERROR] ConditionMgr:805 - Attr not supported : Dmpu
2024-08-24 13:09:48,918 [ERROR] ConditionMgr:805 - Attr not supported : Dmpu
2024-08-24 13:09:48,918 [ERROR] ConditionMgr:805 - Attr not supported : Dmpu
2024-08-24 13:09:48,918 [ERROR] ConditionMgr:805 - Attr not supported : Dmpu
2024-08-24 13:09:48,918 [ERROR] ConditionMgr:805 - Attr not supported : Dmpu
2024-08-24 13:09:48,919 [ERROR] ConditionMgr:805 - Attr not supported : Dmpu
2024-08-24 13:09:48,919 [ERROR] ConditionMgr:805 - Attr not supported : Dmpu
2024-08-24 13:09:48,919 [ERROR] ConditionMgr:805 - Attr not supported : Dmpu
2024-08-24 13:09:48,919 [ERROR] ConditionMgr:805 - Attr not supported : Dmpu
2024-08-24 13:09:48,919 [ERROR] ConditionMgr:805 - Attr not supported : Dmpu
2024-08-24 13:09:48,919 [ERROR] ConditionMgr:805 - Attr not supported : Dmpu
2024-08-24 13:09:48,920 [ERROR] ConditionMgr:805 - Attr not supported : Dmpu
2024-08-24 13:09:48,920 [ERROR] ConditionMgr:805 - Attr not supported : Dmpu
2024-08-24 13:09:48,920 [ERROR] ConditionMgr:805 - Attr not supported : Dmpu
2024-08-24 13:09:48,920 [ERROR] ConditionMgr:805 - Attr not supported : Dmpu
2024-08-24 13:09:48,939 [WARN] PackLoader:240 - Cannot read IP mode file for STMicroelectronics.X-CUBE-BLEMGR.3.0.0
2024-08-24 13:09:48,959 [WARN] PackLoader:240 - Cannot read IP mode file for RealThread.X-CUBE-RT-Thread_Nano.4.1.1
2024-08-24 13:09:48,966 [WARN] PackLoader:240 - Cannot read IP mode file for STMicroelectronics.FP-ATR-SIGFOX1.3.2.0
2024-08-24 13:09:48,982 [WARN] PackLoader:240 - Cannot read IP mode file for STMicroelectronics.X-CUBE-EEPRMA1.5.1.0
2024-08-24 13:09:49,032 [WARN] PackLoader:240 - Cannot read IP mode file for SEGGER.I-CUBE-embOS.1.3.1
2024-08-24 13:09:49,115 [WARN] PackLoader:240 - Cannot read IP mode file for STMicroelectronics.X-CUBE-ALGOBUILD.1.4.0
2024-08-24 13:09:49,140 [WARN] PackLoader:240 - Cannot read IP mode file for STMicroelectronics.X-CUBE-GNSS1.6.0.0
2024-08-24 13:09:49,184 [WARN] PackLoader:240 - Cannot read IP mode file for STMicroelectronics.X-CUBE-AZRTOS-F4.1.1.0
2024-08-24 13:09:49,209 [WARN] PackLoader:240 - Cannot read IP mode file for STMicroelectronics.X-CUBE-FREERTOS.1.2.0
2024-08-24 13:09:49,226 [WARN] PackLoader:240 - Cannot read IP mode file for wolfSSL.I-CUBE-wolfSSL.5.6.6
2024-08-24 13:09:49,276 [WARN] PackLoader:240 - Cannot read IP mode file for STMicroelectronics.X-CUBE-AZRTOS-L5.2.0.0
2024-08-24 13:09:49,300 [WARN] PackLoader:240 - Cannot read IP mode file for STMicroelectronics.X-CUBE-EEPRMA1.4.2.0
2024-08-24 13:09:49,322 [WARN] PackLoader:240 - Cannot read IP mode file for STMicroelectronics.X-CUBE-NFC6.3.1.0
2024-08-24 13:09:49,346 [WARN] PackLoader:240 - Cannot read IP mode file for ITTIA_DB.I-CUBE-ITTIADB.8.8.0
2024-08-24 13:09:49,367 [WARN] PackLoader:240 - Cannot read IP mode file for STMicroelectronics.X-CUBE-DPower.1.2.0
2024-08-24 13:09:49,389 [WARN] PackLoader:240 - Cannot read IP mode file for STMicroelectronics.X-CUBE-AI.9.0.0
2024-08-24 13:09:49,409 [WARN] PackLoader:240 - Cannot read IP mode file for STMicroelectronics.X-CUBE-NFC7.1.0.1
2024-08-24 13:09:49,419 [WARN] PackLoader:240 - Cannot read IP mode file for wolfSSL.I-CUBE-wolfTPM.3.2.0
2024-08-24 13:09:49,451 [WARN] PackLoader:240 - Cannot read IP mode file for STMicroelectronics.X-CUBE-NFC6.3.0.0
2024-08-24 13:09:49,472 [WARN] PackLoader:240 - Cannot read IP mode file for STMicroelectronics.X-CUBE-AI.8.1.0
2024-08-24 13:09:49,522 [WARN] ConditionMgr:438 - getConditionDescription Invalid condition id : LAN8742 Phy interface Condition cause : null
2024-08-24 13:09:49,523 [WARN] PackLoader:240 - Cannot read IP mode file for STMicroelectronics.X-CUBE-AZRTOS-L4.2.0.0
2024-08-24 13:09:49,525 [WARN] ConditionMgr:1039 - genDependencies : Invalid condition id : LAN8742 Phy interface Condition cause : null
2024-08-24 13:09:49,526 [WARN] ConditionMgr:1039 - genDependencies : Invalid condition id : LAN8742 Phy interface Condition cause : null
2024-08-24 13:09:49,527 [WARN] ConditionMgr:1039 - genDependencies : Invalid condition id : LAN8742 Phy interface Condition cause : null
2024-08-24 13:09:49,551 [WARN] PackLoader:240 - Cannot read IP mode file for STMicroelectronics.X-CUBE-SFXS2LP1.4.0.0
2024-08-24 13:09:49,608 [WARN] PackLoader:240 - Cannot read IP mode file for STMicroelectronics.X-CUBE-AZRTOS-H7.3.3.0
2024-08-24 13:09:49,651 [WARN] ConditionMgr:438 - getConditionDescription Invalid condition id : UX DEVICE CLASS RTOS Condition cause : null
2024-08-24 13:09:49,652 [WARN] ConditionMgr:438 - getConditionDescription Invalid condition id : UX DEVICE CLASS RTOS Condition cause : null
2024-08-24 13:09:49,654 [WARN] PackLoader:240 - Cannot read IP mode file for STMicroelectronics.X-CUBE-AZRTOS-WB.2.0.0
2024-08-24 13:09:49,655 [WARN] ConditionMgr:1039 - genDependencies : Invalid condition id : UX DEVICE CLASS RTOS Condition cause : null
2024-08-24 13:09:49,655 [WARN] ConditionMgr:1039 - genDependencies : Invalid condition id : UX DEVICE CLASS RTOS Condition cause : null
2024-08-24 13:09:49,656 [WARN] ConditionMgr:1039 - genDependencies : Invalid condition id : UX DEVICE CLASS RTOS Condition cause : null
2024-08-24 13:09:49,656 [WARN] ConditionMgr:1039 - genDependencies : Invalid condition id : UX DEVICE CLASS RTOS Condition cause : null
2024-08-24 13:09:49,656 [WARN] ConditionMgr:1039 - genDependencies : Invalid condition id : UX DEVICE CLASS RTOS Condition cause : null
2024-08-24 13:09:49,679 [WARN] PackLoader:240 - Cannot read IP mode file for STMicroelectronics.FP-SNS-STBOX1.2.0.0
2024-08-24 13:09:49,711 [WARN] PackLoader:240 - Cannot read IP mode file for STMicroelectronics.X-CUBE-SUBG2.5.0.0
2024-08-24 13:09:49,725 [WARN] PackLoader:240 - Cannot read IP mode file for Cesanta.I-CUBE-Mongoose.7.13.0
2024-08-24 13:09:49,769 [WARN] PackLoader:240 - Cannot read IP mode file for STMicroelectronics.X-CUBE-AZRTOS-G4.2.0.0
2024-08-24 13:09:49,803 [WARN] PackLoader:240 - Cannot read IP mode file for Infineon.AIROC-Wi-Fi-Bluetooth-STM32.1.5.1
2024-08-24 13:09:49,823 [WARN] PackLoader:240 - Cannot read IP mode file for STMicroelectronics.FP-SNS-MOTENVWB1.1.3.1
2024-08-24 13:09:49,841 [WARN] PackLoader:240 - Cannot read IP mode file for STMicroelectronics.X-CUBE-ISPU.2.0.0
2024-08-24 13:09:49,862 [WARN] PackLoader:240 - Cannot read IP mode file for STMicroelectronics.X-CUBE-ALS.1.0.2
2024-08-24 13:09:49,946 [WARN] PackLoader:240 - Cannot read IP mode file for STMicroelectronics.X-CUBE-MEMS1.10.0.0
2024-08-24 13:09:50,162 [WARN] PackLoader:240 - Cannot read IP mode file for STMicroelectronics.X-CUBE-FREERTOS.1.1.0
2024-08-24 13:09:50,182 [WARN] PackLoader:240 - Cannot read IP mode file for STMicroelectronics.X-CUBE-TOUCHGFX.4.24.0
2024-08-24 13:09:50,217 [WARN] PackLoader:240 - Cannot read IP mode file for portGmbH.I-Cube-SoM-uGOAL.1.1.0
2024-08-24 13:09:50,235 [WARN] PackLoader:240 - Cannot read IP mode file for STMicroelectronics.X-CUBE-ALS.1.0.1
2024-08-24 13:09:50,280 [WARN] PackLoader:240 - Cannot read IP mode file for STMicroelectronics.X-CUBE-AZRTOS-H7RS.1.0.0
2024-08-24 13:09:50,301 [WARN] PackLoader:240 - Cannot read IP mode file for STMicroelectronics.FP-ATR-ASTRA1.2.0.0
2024-08-24 13:09:50,353 [WARN] PackLoader:240 - Cannot read IP mode file for STMicroelectronics.X-CUBE-TOF1.3.4.2
2024-08-24 13:09:50,405 [WARN] PackLoader:240 - Cannot read IP mode file for STMicroelectronics.X-CUBE-TOF1.3.4.0
2024-08-24 13:09:50,452 [WARN] PackLoader:240 - Cannot read IP mode file for STMicroelectronics.X-CUBE-TOF1.3.4.1
2024-08-24 13:09:50,520 [WARN] PackLoader:240 - Cannot read IP mode file for STMicroelectronics.X-CUBE-AZRTOS-H7.3.2.0
2024-08-24 13:09:50,532 [WARN] PackLoader:240 - Cannot read IP mode file for wolfSSL.I-CUBE-wolfSSH.1.4.17
2024-08-24 13:09:50,533 [INFO] ThirdParty:978 - Integrity check success = true
2024-08-24 13:09:50,533 [INFO] IntegrityCheckThread:100 - exiting critical section [integrity check]
2024-08-24 13:09:50,533 [INFO] IntegrityCheckThread:103 - End integrity checks thread
2024-08-24 13:10:09,825 [ERROR] LogOutputStream:75 - [STDERR_REDIRECT] SLF4J: Failed to load class "org.slf4j.impl.StaticLoggerBinder".
2024-08-24 13:10:09,826 [ERROR] LogOutputStream:75 - [STDERR_REDIRECT] SLF4J: Defaulting to no-operation (NOP) logger implementation
2024-08-24 13:10:09,827 [ERROR] LogOutputStream:75 - [STDERR_REDIRECT] SLF4J: See http://www.slf4j.org/codes.html#StaticLoggerBinder for further details.
